2024-03-27 15:10:09,881 INFO [main] c.x.j.e.XxlJobExecutorApplication [StartupInfoLogger.java : 55] Starting XxlJobExecutorApplication using Java 1.8.0_202 on SetsunaYang with PID 57438 (/Users/setsunayang/Documents/GitHub/xxl-job/xxl-job-executor-samples/xxl-job-executor-sample-springboot/target/classes started by setsunayang in /Users/setsunayang/Documents/GitHub/xxl-job)
2024-03-27 15:10:09,885 INFO [main] c.x.j.e.XxlJobExecutorApplication [SpringApplication.java : 632] No active profile set, falling back to 1 default profile: "default"
2024-03-27 15:10:10,889 INFO [main] o.s.b.w.e.tomcat.TomcatWebServer [TomcatWebServer.java : 108] Tomcat initialized with port(s): 8081 (http)
2024-03-27 15:10:10,895 INFO [main] o.a.coyote.http11.Http11NioProtocol [DirectJDKLog.java : 173] Initializing ProtocolHandler ["http-nio-8081"]
2024-03-27 15:10:10,896 INFO [main] o.a.catalina.core.StandardService [DirectJDKLog.java : 173] Starting service [Tomcat]
2024-03-27 15:10:10,897 INFO [main] o.a.catalina.core.StandardEngine [DirectJDKLog.java : 173] Starting Servlet engine: [Apache Tomcat/9.0.83]
2024-03-27 15:10:11,014 INFO [main] o.a.c.c.C.[Tomcat].[localhost].[/] [DirectJDKLog.java : 173] Initializing Spring embedded WebApplicationContext
2024-03-27 15:10:11,014 INFO [main] o.s.b.w.s.c.ServletWebServerApplicationContext [ServletWebServerApplicationContext.java : 292] Root WebApplicationContext: initialization completed in 893 ms
2024-03-27 15:10:11,147 INFO [main] c.x.j.e.core.config.XxlJobConfig [XxlJobConfig.java : 46] >>>>>>>>>>> xxl-job config init.
2024-03-27 15:10:11,624 INFO [main] c.x.job.core.executor.XxlJobExecutor [XxlJobExecutor.java : 183] >>>>>>>>>>> xxl-job register jobhandler success, name:demoJobHandler, jobHandler:com.xxl.job.core.handler.impl.MethodJobHandler@32118208[class com.xxl.job.executor.service.jobhandler.SampleXxlJob#demoJobHandler]
2024-03-27 15:10:11,625 INFO [main] c.x.job.core.executor.XxlJobExecutor [XxlJobExecutor.java : 183] >>>>>>>>>>> xxl-job register jobhandler success, name:shardingJobHandler, jobHandler:com.xxl.job.core.handler.impl.MethodJobHandler@2eda072[class com.xxl.job.executor.service.jobhandler.SampleXxlJob#shardingJobHandler]
2024-03-27 15:10:11,625 INFO [main] c.x.job.core.executor.XxlJobExecutor [XxlJobExecutor.java : 183] >>>>>>>>>>> xxl-job register jobhandler success, name:commandJobHandler, jobHandler:com.xxl.job.core.handler.impl.MethodJobHandler@3fa21d49[class com.xxl.job.executor.service.jobhandler.SampleXxlJob#commandJobHandler]
2024-03-27 15:10:11,626 INFO [main] c.x.job.core.executor.XxlJobExecutor [XxlJobExecutor.java : 183] >>>>>>>>>>> xxl-job register jobhandler success, name:httpJobHandler, jobHandler:com.xxl.job.core.handler.impl.MethodJobHandler@416d56f2[class com.xxl.job.executor.service.jobhandler.SampleXxlJob#httpJobHandler]
2024-03-27 15:10:11,626 INFO [main] c.x.job.core.executor.XxlJobExecutor [XxlJobExecutor.java : 183] >>>>>>>>>>> xxl-job register jobhandler success, name:demoJobHandler2, jobHandler:com.xxl.job.core.handler.impl.MethodJobHandler@6e31d989[class com.xxl.job.executor.service.jobhandler.SampleXxlJob#demoJobHandler2]
2024-03-27 15:10:11,666 INFO [main] o.a.coyote.http11.Http11NioProtocol [DirectJDKLog.java : 173] Starting ProtocolHandler ["http-nio-8081"]
2024-03-27 15:10:11,689 INFO [main] o.s.b.w.e.tomcat.TomcatWebServer [TomcatWebServer.java : 220] Tomcat started on port(s): 8081 (http) with context path ''
2024-03-27 15:10:11,707 INFO [main] c.x.j.e.XxlJobExecutorApplication [StartupInfoLogger.java : 61] Started XxlJobExecutorApplication in 2.237 seconds (JVM running for 5.115)
2024-03-27 15:10:11,775 INFO [Thread-9] com.xxl.job.core.server.EmbedServer [EmbedServer.java : 82] >>>>>>>>>>> xxl-job remoting server start success, nettype = class com.xxl.job.core.server.EmbedServer, port = 9999
2024-03-27 15:11:25,905 INFO [xxl-job, EmbedServer bizThreadPool-1720308712] c.x.job.core.executor.XxlJobExecutor [XxlJobExecutor.java : 246] >>>>>>>>>>> xxl-job regist JobThread success, jobId:1, handler:com.xxl.job.core.handler.impl.MethodJobHandler@32118208[class com.xxl.job.executor.service.jobhandler.SampleXxlJob#demoJobHandler]
2024-03-27 15:11:25,911 ERROR [xxl-job, JobThread-1-1711523485905] c.x.job.core.log.XxlJobFileAppender [XxlJobFileAppender.java : 101] No such file or directory
java.io.IOException: No such file or directory
	at java.io.UnixFileSystem.createFileExclusively(Native Method)
	at java.io.File.createNewFile(File.java:1012)
	at com.xxl.job.core.log.XxlJobFileAppender.appendLog(XxlJobFileAppender.java:99)
	at com.xxl.job.core.context.XxlJobHelper.logDetail(XxlJobHelper.java:164)
	at com.xxl.job.core.context.XxlJobHelper.log(XxlJobHelper.java:118)
	at com.xxl.job.core.thread.JobThread.run(JobThread.java:133)
2024-03-27 15:12:07,957 ERROR [xxl-job, JobThread-1-1711523485905] c.x.job.core.log.XxlJobFileAppender [XxlJobFileAppender.java : 101] No such file or directory
java.io.IOException: No such file or directory
	at java.io.UnixFileSystem.createFileExclusively(Native Method)
	at java.io.File.createNewFile(File.java:1012)
	at com.xxl.job.core.log.XxlJobFileAppender.appendLog(XxlJobFileAppender.java:99)
	at com.xxl.job.core.context.XxlJobHelper.logDetail(XxlJobHelper.java:164)
	at com.xxl.job.core.context.XxlJobHelper.log(XxlJobHelper.java:118)
	at com.xxl.job.executor.service.jobhandler.SampleXxlJob.demoJobHandler(SampleXxlJob.java:39)
	at sun.reflect.NativeMethodAccessorImpl.invoke0(Native Method)
	at sun.reflect.NativeMethodAccessorImpl.invoke(NativeMethodAccessorImpl.java:62)
	at sun.reflect.DelegatingMethodAccessorImpl.invoke(DelegatingMethodAccessorImpl.java:43)
	at java.lang.reflect.Method.invoke(Method.java:498)
	at com.xxl.job.core.handler.impl.MethodJobHandler.execute(MethodJobHandler.java:31)
	at com.xxl.job.core.thread.JobThread.run(JobThread.java:166)
2024-03-27 15:12:07,959 ERROR [xxl-job, JobThread-1-1711523485905] c.x.job.core.log.XxlJobFileAppender [XxlJobFileAppender.java : 101] No such file or directory
java.io.IOException: No such file or directory
	at java.io.UnixFileSystem.createFileExclusively(Native Method)
	at java.io.File.createNewFile(File.java:1012)
	at com.xxl.job.core.log.XxlJobFileAppender.appendLog(XxlJobFileAppender.java:99)
	at com.xxl.job.core.context.XxlJobHelper.logDetail(XxlJobHelper.java:164)
	at com.xxl.job.core.context.XxlJobHelper.log(XxlJobHelper.java:118)
	at com.xxl.job.executor.service.jobhandler.SampleXxlJob.demoJobHandler(SampleXxlJob.java:42)
	at sun.reflect.NativeMethodAccessorImpl.invoke0(Native Method)
	at sun.reflect.NativeMethodAccessorImpl.invoke(NativeMethodAccessorImpl.java:62)
	at sun.reflect.DelegatingMethodAccessorImpl.invoke(DelegatingMethodAccessorImpl.java:43)
	at java.lang.reflect.Method.invoke(Method.java:498)
	at com.xxl.job.core.handler.impl.MethodJobHandler.execute(MethodJobHandler.java:31)
	at com.xxl.job.core.thread.JobThread.run(JobThread.java:166)
2024-03-27 15:12:09,967 ERROR [xxl-job, JobThread-1-1711523485905] c.x.job.core.log.XxlJobFileAppender [XxlJobFileAppender.java : 101] No such file or directory
java.io.IOException: No such file or directory
	at java.io.UnixFileSystem.createFileExclusively(Native Method)
	at java.io.File.createNewFile(File.java:1012)
	at com.xxl.job.core.log.XxlJobFileAppender.appendLog(XxlJobFileAppender.java:99)
	at com.xxl.job.core.context.XxlJobHelper.logDetail(XxlJobHelper.java:164)
	at com.xxl.job.core.context.XxlJobHelper.log(XxlJobHelper.java:118)
	at com.xxl.job.executor.service.jobhandler.SampleXxlJob.demoJobHandler(SampleXxlJob.java:42)
	at sun.reflect.NativeMethodAccessorImpl.invoke0(Native Method)
	at sun.reflect.NativeMethodAccessorImpl.invoke(NativeMethodAccessorImpl.java:62)
	at sun.reflect.DelegatingMethodAccessorImpl.invoke(DelegatingMethodAccessorImpl.java:43)
	at java.lang.reflect.Method.invoke(Method.java:498)
	at com.xxl.job.core.handler.impl.MethodJobHandler.execute(MethodJobHandler.java:31)
	at com.xxl.job.core.thread.JobThread.run(JobThread.java:166)
2024-03-27 15:12:11,970 ERROR [xxl-job, JobThread-1-1711523485905] c.x.job.core.log.XxlJobFileAppender [XxlJobFileAppender.java : 101] No such file or directory
java.io.IOException: No such file or directory
	at java.io.UnixFileSystem.createFileExclusively(Native Method)
	at java.io.File.createNewFile(File.java:1012)
	at com.xxl.job.core.log.XxlJobFileAppender.appendLog(XxlJobFileAppender.java:99)
	at com.xxl.job.core.context.XxlJobHelper.logDetail(XxlJobHelper.java:164)
	at com.xxl.job.core.context.XxlJobHelper.log(XxlJobHelper.java:118)
	at com.xxl.job.executor.service.jobhandler.SampleXxlJob.demoJobHandler(SampleXxlJob.java:42)
	at sun.reflect.NativeMethodAccessorImpl.invoke0(Native Method)
	at sun.reflect.NativeMethodAccessorImpl.invoke(NativeMethodAccessorImpl.java:62)
	at sun.reflect.DelegatingMethodAccessorImpl.invoke(DelegatingMethodAccessorImpl.java:43)
	at java.lang.reflect.Method.invoke(Method.java:498)
	at com.xxl.job.core.handler.impl.MethodJobHandler.execute(MethodJobHandler.java:31)
	at com.xxl.job.core.thread.JobThread.run(JobThread.java:166)
2024-03-27 15:12:13,971 ERROR [xxl-job, JobThread-1-1711523485905] c.x.job.core.log.XxlJobFileAppender [XxlJobFileAppender.java : 101] No such file or directory
java.io.IOException: No such file or directory
	at java.io.UnixFileSystem.createFileExclusively(Native Method)
	at java.io.File.createNewFile(File.java:1012)
	at com.xxl.job.core.log.XxlJobFileAppender.appendLog(XxlJobFileAppender.java:99)
	at com.xxl.job.core.context.XxlJobHelper.logDetail(XxlJobHelper.java:164)
	at com.xxl.job.core.context.XxlJobHelper.log(XxlJobHelper.java:118)
	at com.xxl.job.executor.service.jobhandler.SampleXxlJob.demoJobHandler(SampleXxlJob.java:42)
	at sun.reflect.NativeMethodAccessorImpl.invoke0(Native Method)
	at sun.reflect.NativeMethodAccessorImpl.invoke(NativeMethodAccessorImpl.java:62)
	at sun.reflect.DelegatingMethodAccessorImpl.invoke(DelegatingMethodAccessorImpl.java:43)
	at java.lang.reflect.Method.invoke(Method.java:498)
	at com.xxl.job.core.handler.impl.MethodJobHandler.execute(MethodJobHandler.java:31)
	at com.xxl.job.core.thread.JobThread.run(JobThread.java:166)
2024-03-27 15:12:15,979 ERROR [xxl-job, JobThread-1-1711523485905] c.x.job.core.log.XxlJobFileAppender [XxlJobFileAppender.java : 101] No such file or directory
java.io.IOException: No such file or directory
	at java.io.UnixFileSystem.createFileExclusively(Native Method)
	at java.io.File.createNewFile(File.java:1012)
	at com.xxl.job.core.log.XxlJobFileAppender.appendLog(XxlJobFileAppender.java:99)
	at com.xxl.job.core.context.XxlJobHelper.logDetail(XxlJobHelper.java:164)
	at com.xxl.job.core.context.XxlJobHelper.log(XxlJobHelper.java:118)
	at com.xxl.job.executor.service.jobhandler.SampleXxlJob.demoJobHandler(SampleXxlJob.java:42)
	at sun.reflect.NativeMethodAccessorImpl.invoke0(Native Method)
	at sun.reflect.NativeMethodAccessorImpl.invoke(NativeMethodAccessorImpl.java:62)
	at sun.reflect.DelegatingMethodAccessorImpl.invoke(DelegatingMethodAccessorImpl.java:43)
	at java.lang.reflect.Method.invoke(Method.java:498)
	at com.xxl.job.core.handler.impl.MethodJobHandler.execute(MethodJobHandler.java:31)
	at com.xxl.job.core.thread.JobThread.run(JobThread.java:166)
2024-03-27 15:12:17,986 ERROR [xxl-job, JobThread-1-1711523485905] c.x.job.core.log.XxlJobFileAppender [XxlJobFileAppender.java : 101] No such file or directory
java.io.IOException: No such file or directory
	at java.io.UnixFileSystem.createFileExclusively(Native Method)
	at java.io.File.createNewFile(File.java:1012)
	at com.xxl.job.core.log.XxlJobFileAppender.appendLog(XxlJobFileAppender.java:99)
	at com.xxl.job.core.context.XxlJobHelper.logDetail(XxlJobHelper.java:164)
	at com.xxl.job.core.context.XxlJobHelper.log(XxlJobHelper.java:118)
	at com.xxl.job.core.thread.JobThread.run(JobThread.java:179)
2024-03-27 15:12:18,048 ERROR [xxl-job, executor TriggerCallbackThread] c.x.job.core.log.XxlJobFileAppender [XxlJobFileAppender.java : 101] No such file or directory
java.io.IOException: No such file or directory
	at java.io.UnixFileSystem.createFileExclusively(Native Method)
	at java.io.File.createNewFile(File.java:1012)
	at com.xxl.job.core.log.XxlJobFileAppender.appendLog(XxlJobFileAppender.java:99)
	at com.xxl.job.core.context.XxlJobHelper.logDetail(XxlJobHelper.java:164)
	at com.xxl.job.core.context.XxlJobHelper.log(XxlJobHelper.java:118)
	at com.xxl.job.core.thread.TriggerCallbackThread.callbackLog(TriggerCallbackThread.java:197)
	at com.xxl.job.core.thread.TriggerCallbackThread.doCallback(TriggerCallbackThread.java:170)
	at com.xxl.job.core.thread.TriggerCallbackThread.access$200(TriggerCallbackThread.java:26)
	at com.xxl.job.core.thread.TriggerCallbackThread$1.run(TriggerCallbackThread.java:76)
	at java.lang.Thread.run(Thread.java:748)
2024-03-27 15:13:51,100 INFO [xxl-job, JobThread-1-1711523485905] com.xxl.job.core.thread.JobThread [JobThread.java : 250] >>>>>>>>>>> xxl-job JobThread stoped, hashCode:Thread[xxl-job, JobThread-1-1711523485905,10,main]
